<?xml version="1.0" encoding="UTF-8"?>
<!-- Generated by org.testng.reporters.JUnitXMLReporter -->
<testsuite ignored="0" hostname="KRUPA" failures="3" tests="13" name="User API Tests" time="25.54" errors="0" timestamp="2025-10-27T19:31:15 IST">
  <testcase classname="api.test.UserTests" name="testPostUser" time="2.827"/>
  <testcase classname="api.test.UserTests" name="testGetUserByName" time="9.143"/>
  <testcase classname="api.test.UserTests" name="testUpdateUserByName" time="2.111"/>
  <testcase classname="api.test.UserTests" name="testDeleteUserByName" time="1.034"/>
  <testcase classname="api.test.DDTests" name="testPostUser" time="1.065"/>
  <testcase classname="api.test.DDTests" name="testPostUser" time="1.032"/>
  <testcase classname="api.test.DDTests" name="testPostUser" time="1.103"/>
  <testcase classname="api.test.DDTests" name="testPostUser" time="1.034"/>
  <testcase classname="api.test.DDTests" name="testReadUserByName" time="1.052">
    <failure type="java.lang.AssertionError" message="expected [200] but found [404]">
      <![CDATA[java.lang.AssertionError: expected [200] but found [404]
at api.test.DDTests.testReadUserByName(DDTests.java:35)
at java.base/java.util.ArrayList.forEach(ArrayList.java:1596)
... Removed 32 stack frames]]>
    </failure>
  </testcase> <!-- testReadUserByName -->
  <testcase classname="api.test.DDTests" name="testReadUserByName" time="1.104">
    <failure type="java.lang.AssertionError" message="expected [200] but found [404]">
      <![CDATA[java.lang.AssertionError: expected [200] but found [404]
at api.test.DDTests.testReadUserByName(DDTests.java:35)
at java.base/java.util.ArrayList.forEach(ArrayList.java:1596)
... Removed 32 stack frames]]>
    </failure>
  </testcase> <!-- testReadUserByName -->
  <testcase classname="api.test.DDTests" name="testReadUserByName" time="1.05">
    <failure type="java.lang.AssertionError" message="expected [200] but found [404]">
      <![CDATA[java.lang.AssertionError: expected [200] but found [404]
at api.test.DDTests.testReadUserByName(DDTests.java:35)
at java.base/java.util.ArrayList.forEach(ArrayList.java:1596)
... Removed 32 stack frames]]>
    </failure>
  </testcase> <!-- testReadUserByName -->
  <testcase classname="api.test.DDTests" name="testReadUserByName" time="1.083"/>
  <testcase classname="api.test.DDTests" name="testDeleteUserByName" time="0.0">
    <skipped/>
  </testcase> <!-- testDeleteUserByName -->
</testsuite> <!-- User API Tests -->
