<?xml version="1.0" encoding="UTF-8"?>
<!-- Generated by org.testng.reporters.JUnitXMLReporter -->
<testsuite ignored="0" hostname="KRUPA" failures="2" tests="13" name="PetTests" time="22.517" errors="0" timestamp="2025-10-16T13:08:48 IST">
  <testcase classname="api.test.UserTests" name="testPostUser" time="2.769"/>
  <testcase classname="api.test.UserTests" name="testGetUserByName" time="6.072"/>
  <testcase classname="api.test.UserTests" name="testUpdateUserByName" time="2.199"/>
  <testcase classname="api.test.UserTests" name="testDeleteUserByName" time="1.103"/>
  <testcase classname="api.test.DDTests" name="testPostUser" time="1.155"/>
  <testcase classname="api.test.DDTests" name="testPostUser" time="1.059"/>
  <testcase classname="api.test.DDTests" name="testPostUser" time="1.019"/>
  <testcase classname="api.test.DDTests" name="testPostUser" time="1.062"/>
  <testcase classname="api.test.DDTests" name="testReadUserByName" time="1.093">
    <failure type="java.lang.AssertionError" message="expected [200] but found [404]">
      <![CDATA[java.lang.AssertionError: expected [200] but found [404]
at api.test.DDTests.testReadUserByName(DDTests.java:35)
at java.base/java.util.ArrayList.forEach(ArrayList.java:1596)
... Removed 32 stack frames]]>
    </failure>
  </testcase> <!-- testReadUserByName -->
  <testcase classname="api.test.DDTests" name="testReadUserByName" time="1.089"/>
  <testcase classname="api.test.DDTests" name="testReadUserByName" time="1.06">
    <failure type="java.lang.AssertionError" message="expected [200] but found [404]">
      <![CDATA[java.lang.AssertionError: expected [200] but found [404]
at api.test.DDTests.testReadUserByName(DDTests.java:35)
at java.base/java.util.ArrayList.forEach(ArrayList.java:1596)
... Removed 32 stack frames]]>
    </failure>
  </testcase> <!-- testReadUserByName -->
  <testcase classname="api.test.DDTests" name="testReadUserByName" time="1.067"/>
  <testcase classname="api.test.DDTests" name="testDeleteUserByName" time="0.0">
    <skipped/>
  </testcase> <!-- testDeleteUserByName -->
</testsuite> <!-- PetTests -->
